
======== GPU REPORT ========

==============NVSMI LOG==============

Timestamp                                 : Mon Feb 27 11:50:37 2023
Driver Version                            : 470.141.03
CUDA Version                              : 11.4

Attached GPUs                             : 1
GPU 00000000:90:00.0
    Accounting Mode                       : Enabled
    Accounting Mode Buffer Size           : 4000
    Accounted Processes
        Process ID                        : 178953
            GPU Utilization               : 36 %
            Memory Utilization            : 26 %
            Max memory usage              : 9939 MiB
            Time                          : 56352 ms
            Is Running                    : 0
        Process ID                        : 179882
            GPU Utilization               : 17 %
            Memory Utilization            : 12 %
            Max memory usage              : 3739 MiB
            Time                          : 39720 ms
            Is Running                    : 0
        Process ID                        : 183117
            GPU Utilization               : 16 %
            Memory Utilization            : 12 %
            Max memory usage              : 3739 MiB
            Time                          : 41538 ms
            Is Running                    : 0
        Process ID                        : 184061
            GPU Utilization               : 19 %
            Memory Utilization            : 14 %
            Max memory usage              : 3739 MiB
            Time                          : 36353 ms
            Is Running                    : 0

Mon Feb 27 11:50:37 2023       
+-----------------------------------------------------------------------------+
| NVIDIA-SMI 470.141.03   Driver Version: 470.141.03   CUDA Version: 11.4     |
|-------------------------------+----------------------+----------------------+
| GPU  Name        Persistence-M| Bus-Id        Disp.A | Volatile Uncorr. ECC |
| Fan  Temp  Perf  Pwr:Usage/Cap|         Memory-Usage | GPU-Util  Compute M. |
|                               |                      |               MIG M. |
|===============================+======================+======================|
|   0  NVIDIA A100-SXM...  On   | 00000000:90:00.0 Off |                    0 |
| N/A   30C    P0    57W / 400W |      0MiB / 40536MiB |      0%      Default |
|                               |                      |             Disabled |
+-------------------------------+----------------------+----------------------+
                                                                               
+-----------------------------------------------------------------------------+
| Processes:                                                                  |
|  GPU   GI   CI        PID   Type   Process name                  GPU Memory |
|        ID   ID                                                   Usage      |
|=============================================================================|
|  No running processes found                                                 |
+-----------------------------------------------------------------------------+
